c:\users\matthew\documents\tba\tba\tba\debug\vc142.pdb
c:\users\matthew\documents\tba\tba\tba\debug\vc142.idb
c:\users\matthew\documents\tba\tba\tba\debug\textparser.obj
c:\users\matthew\documents\tba\tba\tba\debug\main.obj
c:\users\matthew\documents\tba\tba\tba\debug\gameobject.obj
c:\users\matthew\documents\tba\tba\tba\debug\gamedata.obj
c:\users\matthew\documents\tba\tba\tba\debug\database.obj
c:\users\matthew\documents\tba\tba\tba\debug\sqlite3.obj
c:\users\matthew\documents\tba\tba\tba\debug\shell.obj
c:\users\matthew\documents\tba\tba\debug\tba.ilk
c:\users\matthew\documents\tba\tba\debug\tba.exe
c:\users\matthew\documents\tba\tba\debug\tba.pdb
c:\users\matthew\documents\github\tba\tba\debug\database.obj
c:\users\matthew\documents\github\tba\tba\debug\gamedata.obj
c:\users\matthew\documents\github\tba\tba\debug\gameobject.obj
c:\users\matthew\documents\github\tba\tba\debug\main.obj
c:\users\matthew\documents\github\tba\tba\debug\shell.obj
c:\users\matthew\documents\github\tba\tba\debug\sqlite3.obj
c:\users\matthew\documents\github\tba\tba\debug\textparser.obj
c:\users\matthew\documents\github\tba\tba\debug\vc142.idb
c:\users\matthew\documents\github\tba\tba\debug\vc142.pdb
c:\users\matthew\documents\github\tba\debug\tba.pdb
c:\users\matthew\documents\github\tba\debug\tba.exe
c:\users\matthew\documents\github\tba\debug\tba.ilk
c:\users\matthew\documents\github\tba\tba\debug\tba.tlog\cl.command.1.tlog
c:\users\matthew\documents\github\tba\tba\debug\tba.tlog\cl.read.1.tlog
c:\users\matthew\documents\github\tba\tba\debug\tba.tlog\cl.write.1.tlog
c:\users\matthew\documents\github\tba\tba\debug\tba.tlog\link.command.1.tlog
c:\users\matthew\documents\github\tba\tba\debug\tba.tlog\link.read.1.tlog
c:\users\matthew\documents\github\tba\tba\debug\tba.tlog\link.write.1.tlog
